TN:
SF:src\index.ts
FN:18,getUADataPlatform
FN:30,getNodePlatform
FN:38,detectIsIOS
FN:67,detectIsMacOS
FN:91,detectIsAndroid
FN:113,detectIsWindows
FN:136,detectIsChromeOS
FN:151,detectIsLinux
FN:177,detectIsWindows11
FN:183,(anonymous_18)
FN:214,getOS
FN:228,isMobileDevice
FN:232,isDesktopDevice
FN:238,detectIsiOS
FNF:14
FNH:13
FNDA:72,getUADataPlatform
FNDA:56,getNodePlatform
FNDA:27,detectIsIOS
FNDA:15,detectIsMacOS
FNDA:20,detectIsAndroid
FNDA:14,detectIsWindows
FNDA:15,detectIsChromeOS
FNDA:12,detectIsLinux
FNDA:4,detectIsWindows11
FNDA:0,(anonymous_18)
FNDA:11,getOS
FNDA:4,isMobileDevice
FNDA:4,isDesktopDevice
FNDA:1,detectIsiOS
DA:19,72
DA:20,72
DA:21,72
DA:22,6
DA:24,66
DA:31,56
DA:32,14
DA:33,14
DA:38,48
DA:39,27
DA:40,26
DA:41,6
DA:44,20
DA:45,20
DA:46,0
DA:47,0
DA:51,20
DA:54,20
DA:58,20
DA:62,20
DA:63,20
DA:67,48
DA:68,15
DA:71,14
DA:72,14
DA:73,4
DA:76,10
DA:78,10
DA:79,10
DA:80,1
DA:81,1
DA:85,9
DA:86,9
DA:87,9
DA:91,48
DA:92,20
DA:95,18
DA:96,18
DA:97,5
DA:100,13
DA:102,13
DA:103,13
DA:104,1
DA:105,1
DA:108,12
DA:109,12
DA:113,48
DA:114,14
DA:117,13
DA:118,13
DA:119,2
DA:122,11
DA:124,11
DA:125,11
DA:126,3
DA:127,3
DA:130,8
DA:131,8
DA:136,48
DA:137,15
DA:138,14
DA:140,10
DA:141,10
DA:142,1
DA:143,1
DA:146,9
DA:147,9
DA:151,48
DA:152,12
DA:155,11
DA:156,11
DA:157,3
DA:160,8
DA:162,8
DA:163,8
DA:164,0
DA:165,0
DA:168,8
DA:170,8
DA:177,48
DA:178,4
DA:181,3
DA:182,0
DA:183,0
DA:184,0
DA:185,0
DA:187,0
DA:192,3
DA:193,3
DA:194,3
DA:196,2
DA:199,2
DA:202,2
DA:203,2
DA:205,0
DA:214,48
DA:215,11
DA:216,10
DA:217,8
DA:218,7
DA:219,5
DA:220,3
DA:221,1
DA:228,48
DA:229,4
DA:232,48
DA:233,4
DA:238,48
DA:239,1
DA:240,1
DA:244,1
DA:248,48
DA:262,48
LF:113
LH:103
BRDA:19,0,0,0
BRDA:19,0,1,72
BRDA:21,1,0,6
BRDA:21,1,1,66
BRDA:21,2,0,72
BRDA:21,2,1,6
BRDA:31,3,0,42
BRDA:31,3,1,14
BRDA:32,4,0,0
BRDA:32,4,1,14
BRDA:32,5,0,14
BRDA:32,5,1,14
BRDA:39,6,0,1
BRDA:39,6,1,26
BRDA:40,7,0,6
BRDA:40,7,1,20
BRDA:40,8,0,26
BRDA:40,8,1,20
BRDA:45,9,0,0
BRDA:45,9,1,20
BRDA:58,10,0,20
BRDA:58,10,1,6
BRDA:58,10,2,6
BRDA:62,11,0,20
BRDA:62,11,1,15
BRDA:62,11,2,14
BRDA:68,12,0,1
BRDA:68,12,1,14
BRDA:72,13,0,4
BRDA:72,13,1,10
BRDA:76,14,0,0
BRDA:76,14,1,10
BRDA:79,15,0,1
BRDA:79,15,1,9
BRDA:86,16,0,9
BRDA:86,16,1,4
BRDA:92,17,0,2
BRDA:92,17,1,18
BRDA:96,18,0,5
BRDA:96,18,1,13
BRDA:100,19,0,0
BRDA:100,19,1,13
BRDA:103,20,0,1
BRDA:103,20,1,12
BRDA:114,21,0,1
BRDA:114,21,1,13
BRDA:118,22,0,2
BRDA:118,22,1,11
BRDA:122,23,0,0
BRDA:122,23,1,11
BRDA:125,24,0,3
BRDA:125,24,1,8
BRDA:137,25,0,1
BRDA:137,25,1,14
BRDA:138,26,0,4
BRDA:138,26,1,10
BRDA:141,27,0,1
BRDA:141,27,1,9
BRDA:142,28,0,1
BRDA:142,28,1,0
BRDA:152,29,0,1
BRDA:152,29,1,11
BRDA:156,30,0,3
BRDA:156,30,1,8
BRDA:160,31,0,0
BRDA:160,31,1,8
BRDA:163,32,0,0
BRDA:163,32,1,8
BRDA:169,33,0,8
BRDA:169,33,1,3
BRDA:169,33,2,2
BRDA:178,34,0,1
BRDA:178,34,1,3
BRDA:181,35,0,0
BRDA:181,35,1,3
BRDA:181,36,0,3
BRDA:181,36,1,0
BRDA:184,37,0,0
BRDA:184,37,1,0
BRDA:184,38,0,0
BRDA:184,38,1,0
BRDA:194,39,0,1
BRDA:194,39,1,2
BRDA:194,40,0,1
BRDA:194,40,1,2
BRDA:194,41,0,3
BRDA:194,41,1,2
BRDA:199,42,0,0
BRDA:199,42,1,2
BRDA:215,43,0,1
BRDA:215,43,1,10
BRDA:216,44,0,2
BRDA:216,44,1,8
BRDA:217,45,0,1
BRDA:217,45,1,7
BRDA:218,46,0,2
BRDA:218,46,1,5
BRDA:219,47,0,2
BRDA:219,47,1,3
BRDA:220,48,0,2
BRDA:220,48,1,1
BRDA:229,49,0,4
BRDA:229,49,1,3
BRDA:233,50,0,4
BRDA:233,50,1,2
BRDA:233,50,2,1
BRDA:233,50,3,1
BRDA:239,51,0,1
BRDA:239,51,1,0
BRF:109
BRH:92
end_of_record
